10:05:19 00001 INFO: Starting...
10:05:19 00111 INFO: Creating 50 patients.
10:05:19 00112 INFO: Reading file: FakeNameGeneratorShr.csv.
10:05:19 00113 INFO: Found name generator file: FakeNameGeneratorShr.csv
10:05:19 00112 INFO: Reading file: PopulationStatistics.csv.
10:05:19 00113 INFO: Found domain statistics file: PopulationStatistics.csv
10:05:19 00112 INFO: Reading file: ShrewsburyStats.csv.
10:05:19 00113 INFO: Found area statistics file: ShrewsburyStats.csv
10:05:19 00114 INFO: Dealing with area type: Ward
10:05:21 00101 INFO: Adding pathway file 'Path1.bpmn' to validation list
10:05:21 00115 INFO: Files validated for information items. Checking files dependencies...
10:05:21 00107 INFO: Validating pathways.
10:05:21 00108 INFO: Importing pathway file /Users/charliemccay/gitlab/cade-2/cade-2/resources/../resources/files/pathway/BPMN/Path1.bpmn
10:05:21 00109 INFO: Pathways validated.
10:05:21 00110 INFO: Importing pathways successful.
10:05:21 NOTE  person being put onto pathway :19 : Path1
10:05:22 NOTE  person being put onto pathway :41 : Path1
10:05:23 NOTE  person being put onto pathway :25 : Path1
10:05:24 NOTE  person being put onto pathway :18 : Path1
10:05:24 NOTE  person being put onto pathway :20 : Path1
10:05:25 NOTE  person being put onto pathway :14 : Path1
10:05:25 NOTE  person being put onto pathway :1 : Path1
10:05:26 NOTE  person being put onto pathway :13 : Path1
10:05:26 NOTE  person being put onto pathway :42 : Path1
10:05:27 NOTE  person being put onto pathway :34 : Path1
10:05:28 NOTE  person being put onto pathway :2 : Path1
10:05:28 NOTE  person being put onto pathway :17 : Path1
10:05:29 NOTE  person being put onto pathway :35 : Path1
10:05:29 NOTE  person being put onto pathway :24 : Path1
10:05:30 NOTE  person being put onto pathway :0 : Path1
10:05:31 NOTE  person being put onto pathway :5 : Path1
10:05:31 NOTE  person being put onto pathway :31 : Path1
10:05:32 NOTE  person being put onto pathway :32 : Path1
10:05:32 NOTE  person being put onto pathway :9 : Path1
10:05:33 NOTE  person being put onto pathway :23 : Path1
10:05:33 NOTE  person being put onto pathway :48 : Path1
10:05:34 NOTE  person being put onto pathway :33 : Path1
10:05:34 NOTE  person being put onto pathway :8 : Path1
10:05:35 NOTE  person being put onto pathway :26 : Path1
10:05:36 NOTE  person being put onto pathway :3 : Path1
10:05:36 NOTE  person being put onto pathway :6 : Path1
10:05:37 NOTE  person being put onto pathway :11 : Path1
10:05:37 NOTE  person being put onto pathway :45 : Path1
10:05:38 NOTE  person being put onto pathway :27 : Path1
10:05:38 NOTE  person being put onto pathway :44 : Path1
10:05:39 NOTE  person being put onto pathway :46 : Path1
10:05:40 NOTE  person being put onto pathway :38 : Path1
10:05:40 NOTE  person being put onto pathway :40 : Path1
10:05:41 NOTE  person being put onto pathway :10 : Path1
10:05:41 NOTE  person being put onto pathway :15 : Path1
10:05:42 NOTE  person being put onto pathway :16 : Path1
10:05:42 NOTE  person being put onto pathway :37 : Path1
10:05:43 NOTE  person being put onto pathway :7 : Path1
10:05:43 NOTE  person being put onto pathway :30 : Path1
10:05:44 NOTE  person being put onto pathway :50 : Path1
10:05:45 NOTE  person being put onto pathway :29 : Path1
10:05:45 NOTE  person being put onto pathway :4 : Path1
10:05:46 NOTE  person being put onto pathway :36 : Path1
10:05:46 NOTE  person being put onto pathway :21 : Path1
10:05:47 NOTE  person being put onto pathway :47 : Path1
10:05:47 NOTE  person being put onto pathway :12 : Path1
10:05:48 NOTE  person being put onto pathway :39 : Path1
10:05:48 NOTE  person being put onto pathway :43 : Path1
10:05:49 NOTE  person being put onto pathway :28 : Path1
10:05:50 NOTE  person being put onto pathway :49 : Path1
10:05:50 NOTE  person being put onto pathway :22 : Path1
10:05:51 NOTE  Time elapsed: 32 seconds
