15:25:40 00001 INFO: Starting...
15:25:40 00111 INFO: Creating 50 patients.
15:25:40 00112 INFO: Reading file: FakeNameGeneratorShr.csv.
15:25:40 00113 INFO: Found name generator file: FakeNameGeneratorShr.csv
15:25:40 00112 INFO: Reading file: PopulationStatistics.csv.
15:25:40 00113 INFO: Found domain statistics file: PopulationStatistics.csv
15:25:40 00112 INFO: Reading file: ShrewsburyStats.csv.
15:25:40 00113 INFO: Found area statistics file: ShrewsburyStats.csv
15:25:40 00114 INFO: Dealing with area type: Ward
15:25:42 00101 INFO: Adding pathway file 'Path1.bpmn' to validation list
15:25:42 00115 INFO: Files validated for information items. Checking files dependencies...
15:25:42 00107 INFO: Validating pathways.
15:25:42 00108 INFO: Importing pathway file /usr/src/app/resources/../resources/files/pathway/BPMN/Path1.bpmn
15:25:42 00109 INFO: Pathways validated.
15:25:42 00110 INFO: Importing pathways successful.
15:25:42 NOTE  person being put onto pathway :11 : Path1
15:25:42 NOTE  person being put onto pathway :24 : Path1
15:25:43 NOTE  person being put onto pathway :23 : Path1
15:25:43 NOTE  person being put onto pathway :15 : Path1
15:25:44 NOTE  person being put onto pathway :50 : Path1
15:25:45 NOTE  person being put onto pathway :40 : Path1
15:25:45 NOTE  person being put onto pathway :6 : Path1
15:25:46 NOTE  person being put onto pathway :47 : Path1
15:25:46 NOTE  person being put onto pathway :44 : Path1
15:25:47 NOTE  person being put onto pathway :4 : Path1
15:25:48 NOTE  person being put onto pathway :7 : Path1
15:25:48 NOTE  person being put onto pathway :46 : Path1
15:25:49 NOTE  person being put onto pathway :20 : Path1
15:25:49 NOTE  person being put onto pathway :31 : Path1
15:25:50 NOTE  person being put onto pathway :48 : Path1
15:25:51 NOTE  person being put onto pathway :13 : Path1
15:25:51 NOTE  person being put onto pathway :27 : Path1
15:25:52 NOTE  person being put onto pathway :28 : Path1
15:25:52 NOTE  person being put onto pathway :16 : Path1
15:25:53 NOTE  person being put onto pathway :41 : Path1
15:25:54 NOTE  person being put onto pathway :9 : Path1
15:25:54 NOTE  person being put onto pathway :21 : Path1
15:25:55 NOTE  person being put onto pathway :43 : Path1
15:25:55 NOTE  person being put onto pathway :45 : Path1
15:25:56 NOTE  person being put onto pathway :22 : Path1
15:25:57 NOTE  person being put onto pathway :25 : Path1
15:25:57 NOTE  person being put onto pathway :35 : Path1
15:25:58 NOTE  person being put onto pathway :36 : Path1
15:25:58 NOTE  person being put onto pathway :19 : Path1
15:25:59 NOTE  person being put onto pathway :30 : Path1
15:26:00 NOTE  person being put onto pathway :2 : Path1
15:26:00 NOTE  person being put onto pathway :38 : Path1
15:26:01 NOTE  person being put onto pathway :17 : Path1
15:26:01 NOTE  person being put onto pathway :0 : Path1
15:26:02 NOTE  person being put onto pathway :1 : Path1
15:26:02 NOTE  person being put onto pathway :3 : Path1
15:26:03 NOTE  person being put onto pathway :12 : Path1
15:26:04 NOTE  person being put onto pathway :10 : Path1
15:26:04 NOTE  person being put onto pathway :32 : Path1
15:26:05 NOTE  person being put onto pathway :5 : Path1
15:26:05 NOTE  person being put onto pathway :37 : Path1
15:26:06 NOTE  person being put onto pathway :8 : Path1
15:26:07 NOTE  person being put onto pathway :34 : Path1
15:26:07 NOTE  person being put onto pathway :29 : Path1
15:26:08 NOTE  person being put onto pathway :18 : Path1
15:26:08 NOTE  person being put onto pathway :33 : Path1
15:26:09 NOTE  person being put onto pathway :49 : Path1
15:26:10 NOTE  person being put onto pathway :39 : Path1
15:26:10 NOTE  person being put onto pathway :14 : Path1
15:26:11 NOTE  person being put onto pathway :42 : Path1
15:26:11 NOTE  person being put onto pathway :26 : Path1
15:26:12 NOTE  Time elapsed: 32 seconds
